2024-05-14 10:43:47,869 - INFO - Connected to the database successfully!
2024-05-14 10:43:47,997 - INFO - SQL script from create_table_test.sql executed successfully. Changes committed.
2024-05-14 10:43:47,997 - INFO - Database connection closed.
2024-05-14 10:44:16,456 - INFO - Connected to the database successfully!
2024-05-14 10:51:46,278 - INFO - Database connection closed.
2024-05-14 12:02:51,315 - INFO - Connected to the database successfully!
2024-05-14 12:02:51,320 - ERROR - An error occurred: relation "items" does not exist
LINE 8:     items
            ^

2024-05-14 12:02:51,321 - INFO - Changes have been rolled back due to an error.
2024-05-14 12:02:51,321 - INFO - Database connection closed.
2024-05-14 12:03:16,402 - INFO - Connected to the database successfully!
2024-05-14 12:03:16,664 - INFO - SQL script from create_item_nodup.sql executed successfully. Changes committed.
2024-05-14 12:03:16,664 - INFO - Database connection closed.
2024-05-14 12:04:53,500 - INFO - Connected to the database successfully!
2024-05-14 12:04:53,656 - INFO - SQL script from create_join_table.sql executed successfully. Changes committed.
2024-05-14 12:04:53,656 - INFO - Database connection closed.
2024-05-14 12:06:39,899 - INFO - Connected to the database successfully!
2024-05-14 12:06:39,968 - INFO - SQL script from create_join_table.sql executed successfully. Changes committed.
2024-05-14 12:06:39,968 - INFO - Database connection closed.
