2024-05-08 09:00:47,616 - INFO - Skipping non-CSV file: .~lock.data_2022_dec.csv#
2024-05-08 09:00:47,616 - INFO - Processing file: data_2022_dec.csv
2024-05-08 09:00:52,411 - INFO - Number of rows in DataFrame: 3533286
2024-05-08 09:01:14,523 - INFO - Data loaded into data_2022_dec successfully.
2024-05-08 09:01:15,420 - INFO - Number of rows in the table data_2022_dec: 3533286
2024-05-08 09:01:15,429 - INFO - First row of the dataframe:
                event_time        event_type  product_id  price    user_id                          user_session
0  2022-12-01 00:00:00 UTC  remove_from_cart     5712790   6.27  576802932  51d85cb0-897f-48d2-918b-ad63965c12dc
2024-05-08 09:01:15,430 - INFO - First row of the table:
(datetime.datetime(2022, 12, 1, 0, 0, tzinfo=datetime.timezone.utc), 'remove_from_cart', 5712790, 6.27, 576802932, '51d85cb0-897f-48d2-918b-ad63965c12dc')
2024-05-08 09:01:15,435 - INFO - Last row of the dataframe:
                      event_time event_type  product_id  price    user_id                          user_session
3533285  2022-12-31 23:59:57 UTC       view     5635090   4.44  420652863  546f6af3-a517-4752-a98b-80c4c5860711
2024-05-08 09:01:15,925 - INFO - Last row in the table:
(datetime.datetime(2022, 12, 31, 23, 59, 57, tzinfo=datetime.timezone.utc), 'view', 5635090, 4.44, 420652863, '546f6af3-a517-4752-a98b-80c4c5860711')
2024-05-08 09:01:16,137 - INFO - Processing file: data_2023_jan.csv
2024-05-08 09:01:23,302 - INFO - Number of rows in DataFrame: 4264752
2024-05-08 09:01:50,971 - INFO - Data loaded into data_2023_jan successfully.
2024-05-08 09:01:52,008 - INFO - Number of rows in the table data_2023_jan: 4264752
2024-05-08 09:01:52,016 - INFO - First row of the dataframe:
                event_time event_type  product_id  price    user_id                          user_session
0  2023-01-01 00:00:00 UTC       view     5809910   5.24  595414620  4adb70bb-edbd-4981-b60f-a05bfd32683a
2024-05-08 09:01:52,031 - INFO - First row of the table:
(datetime.datetime(2023, 1, 1, 0, 0, tzinfo=datetime.timezone.utc), 'view', 5809910, 5.24, 595414620, '4adb70bb-edbd-4981-b60f-a05bfd32683a')
2024-05-08 09:01:52,039 - INFO - Last row of the dataframe:
                      event_time        event_type  product_id  price    user_id                          user_session
4264751  2023-01-31 23:59:58 UTC  remove_from_cart     5820745   2.22  607092857  a4ccd1c4-a9d2-48d0-9816-082ec5bb5e47
2024-05-08 09:01:53,387 - INFO - Last row in the table:
(datetime.datetime(2023, 1, 31, 23, 59, 58, tzinfo=datetime.timezone.utc), 'remove_from_cart', 5820745, 2.22, 607092857, 'a4ccd1c4-a9d2-48d0-9816-082ec5bb5e47')
2024-05-08 09:01:53,610 - INFO - Processing file: data_2022_nov.csv
2024-05-08 09:02:00,338 - INFO - Number of rows in DataFrame: 4635837
2024-05-08 09:02:39,326 - INFO - Data loaded into data_2022_nov successfully.
2024-05-08 09:02:39,527 - INFO - Number of rows in the table data_2022_nov: 4635837
2024-05-08 09:02:39,532 - INFO - First row of the dataframe:
                event_time event_type  product_id  price    user_id                          user_session
0  2022-11-01 00:00:02 UTC       view     5802432   0.32  562076640  09fafd6c-6c99-46b1-834f-33527f4de241
2024-05-08 09:02:39,533 - INFO - First row of the table:
(datetime.datetime(2022, 11, 1, 0, 0, 2, tzinfo=datetime.timezone.utc), 'view', 5802432, 0.32, 562076640, '09fafd6c-6c99-46b1-834f-33527f4de241')
2024-05-08 09:02:39,537 - INFO - Last row of the dataframe:
                      event_time event_type  product_id  price    user_id                          user_session
4635836  2022-11-30 23:59:58 UTC       view     5880201   3.76  579969854  e9fa2c3e-8c9e-448c-880a-21ca57c18b3b
2024-05-08 09:02:39,981 - INFO - Last row in the table:
(datetime.datetime(2022, 11, 30, 23, 59, 58, tzinfo=datetime.timezone.utc), 'view', 5880201, 3.76, 579969854, 'e9fa2c3e-8c9e-448c-880a-21ca57c18b3b')
2024-05-08 09:02:40,232 - INFO - Processing file: data_2022_oct.csv
2024-05-08 09:02:46,826 - INFO - Number of rows in DataFrame: 4102283
2024-05-08 09:03:16,641 - INFO - Data loaded into data_2022_oct successfully.
2024-05-08 09:03:20,422 - INFO - Number of rows in the table data_2022_oct: 4102283
2024-05-08 09:03:20,428 - INFO - First row of the dataframe:
                event_time event_type  product_id  price    user_id                          user_session
0  2022-10-01 00:00:00 UTC       cart     5773203   2.62  463240011  26dd6e6e-4dac-4778-8d2c-92e149dab885
2024-05-08 09:03:20,428 - INFO - First row of the table:
(datetime.datetime(2022, 10, 1, 0, 0, tzinfo=datetime.timezone.utc), 'cart', 5773203, 2.62, 463240011, '26dd6e6e-4dac-4778-8d2c-92e149dab885')
2024-05-08 09:03:20,434 - INFO - Last row of the dataframe:
                      event_time event_type  product_id  price    user_id                          user_session
4102282  2022-10-31 23:59:54 UTC       view       59996   4.13  566280798  4eaf7c71-e8bf-4ea6-b719-eca144466eb3
2024-05-08 09:03:20,851 - INFO - Last row in the table:
(datetime.datetime(2022, 10, 31, 23, 59, 54, tzinfo=datetime.timezone.utc), 'view', 59996, 4.13, 566280798, '4eaf7c71-e8bf-4ea6-b719-eca144466eb3')
2024-05-08 09:03:21,278 - INFO - Processing file: item.csv
2024-05-08 09:03:21,526 - INFO - Number of rows in DataFrame: 109579
2024-05-08 09:03:21,728 - INFO - Data loaded into item successfully.
2024-05-08 09:03:21,738 - INFO - Number of rows in the table item: 109579
2024-05-08 09:03:21,743 - INFO - First row of the dataframe:
   product_id          category_id category_code  brand
0     5712790  1487580005268456192           NaN  f.o.x
2024-05-08 09:03:21,744 - INFO - First row of the table:
(5712790, 1487580005268456192, None, 'f.o.x')
2024-05-08 09:03:21,749 - INFO - Last row of the dataframe:
        product_id          category_id category_code  brand
109578     5736400  1487580007575323648           NaN  irisk
2024-05-08 09:03:21,781 - INFO - Last row in the table:
(5736400, 1487580007575323648, None, 'irisk')
